c:\users\ezgı\source\repos\ceng241_gameproject\ceng241_gameproject\debug\ceng241_gameproject.pch
c:\users\ezgı\source\repos\ceng241_gameproject\ceng241_gameproject\debug\vc141.pdb
c:\users\ezgı\source\repos\ceng241_gameproject\ceng241_gameproject\debug\vc141.ıdb
c:\users\ezgı\source\repos\ceng241_gameproject\ceng241_gameproject\debug\stdafx.obj
c:\users\ezgı\source\repos\ceng241_gameproject\ceng241_gameproject\debug\ceng241_gameproject.obj
c:\users\ezgı\source\repos\ceng241_gameproject\ceng241_gameproject\debug\shıp.obj
c:\users\ezgı\source\repos\ceng241_gameproject\ceng241_gameproject\debug\maınshıp.obj
c:\users\ezgı\source\repos\ceng241_gameproject\ceng241_gameproject\debug\game.obj
c:\users\ezgi\source\repos\ceng241_gameproject\ceng241_gameproject\debug\ceng241_gameproject.obj
c:\users\ezgi\source\repos\ceng241_gameproject\ceng241_gameproject\debug\game.obj
c:\users\ezgi\source\repos\ceng241_gameproject\ceng241_gameproject\debug\mainship.obj
c:\users\ezgi\source\repos\ceng241_gameproject\ceng241_gameproject\debug\ship.obj
c:\users\ezgi\source\repos\ceng241_gameproject\ceng241_gameproject\debug\stdafx.obj
c:\users\ezgi\source\repos\ceng241_gameproject\ceng241_gameproject\debug\game.obj.enc
c:\users\ezgi\source\repos\ceng241_gameproject\ceng241_gameproject\debug\ceng241_gameproject.pch
c:\users\ezgi\source\repos\ceng241_gameproject\ceng241_gameproject\debug\vc141.idb
c:\users\ezgi\source\repos\ceng241_gameproject\ceng241_gameproject\debug\vc141.pdb
c:\users\ezgi\source\repos\ceng241_gameproject\debug\ceng241_gameproject.pdb
c:\users\ezgi\source\repos\ceng241_gameproject\ceng241_gameproject\debug\ceng241_.8d994ece.tlog\cl.command.1.tlog
c:\users\ezgi\source\repos\ceng241_gameproject\ceng241_gameproject\debug\ceng241_.8d994ece.tlog\cl.read.1.tlog
c:\users\ezgi\source\repos\ceng241_gameproject\ceng241_gameproject\debug\ceng241_.8d994ece.tlog\cl.write.1.tlog
c:\users\ezgi\source\repos\ceng241_gameproject\ceng241_gameproject\debug\ceng241_.8d994ece.tlog\link-cvtres.read.1.tlog
c:\users\ezgi\source\repos\ceng241_gameproject\ceng241_gameproject\debug\ceng241_.8d994ece.tlog\link-cvtres.write.1.tlog
c:\users\ezgi\source\repos\ceng241_gameproject\ceng241_gameproject\debug\ceng241_.8d994ece.tlog\link-rc.read.1.tlog
c:\users\ezgi\source\repos\ceng241_gameproject\ceng241_gameproject\debug\ceng241_.8d994ece.tlog\link-rc.write.1.tlog
c:\users\ezgi\source\repos\ceng241_gameproject\ceng241_gameproject\debug\ceng241_.8d994ece.tlog\link.2364-cvtres.read.1.tlog
c:\users\ezgi\source\repos\ceng241_gameproject\ceng241_gameproject\debug\ceng241_.8d994ece.tlog\link.2364-cvtres.write.1.tlog
c:\users\ezgi\source\repos\ceng241_gameproject\ceng241_gameproject\debug\ceng241_.8d994ece.tlog\link.2364-rc.read.1.tlog
c:\users\ezgi\source\repos\ceng241_gameproject\ceng241_gameproject\debug\ceng241_.8d994ece.tlog\link.2364-rc.write.1.tlog
c:\users\ezgi\source\repos\ceng241_gameproject\ceng241_gameproject\debug\ceng241_.8d994ece.tlog\link.2364.read.1.tlog
c:\users\ezgi\source\repos\ceng241_gameproject\ceng241_gameproject\debug\ceng241_.8d994ece.tlog\link.2364.write.1.tlog
c:\users\ezgi\source\repos\ceng241_gameproject\ceng241_gameproject\debug\ceng241_.8d994ece.tlog\link.command.1.tlog
c:\users\ezgi\source\repos\ceng241_gameproject\ceng241_gameproject\debug\ceng241_.8d994ece.tlog\link.read.1.tlog
c:\users\ezgi\source\repos\ceng241_gameproject\ceng241_gameproject\debug\ceng241_.8d994ece.tlog\link.write.1.tlog
